<?xml version="1.0" encoding="UTF-8"?>
<!-- Generated by org.testng.reporters.JUnitXMLReporter -->
<testsuite ignored="0" hostname="SOURISH-PC" failures="1" tests="3" name="ErrorValidation" time="32.857" errors="0" timestamp="2025-06-20T13:59:40 IST">
  <testcase classname="sourishBakshiFrameworkAuto.tests.ErrorMessageValidationTest" name="errorValidation" time="1.381">
    <skipped/>
  </testcase> <!-- errorValidation -->
  <testcase classname="sourishBakshiFrameworkAuto.tests.ErrorMessageValidationTest" name="errorValidation" time="1.925">
    <failure type="java.lang.AssertionError" message="Its not matched expected [Incorrect email or password] but found [Incorrect email or password.]">
      <![CDATA[java.lang.AssertionError: Its not matched expected [Incorrect email or password] but found [Incorrect email or password.]
at sourishBakshiFrameworkAuto.tests.ErrorMessageValidationTest.errorValidation(ErrorMessageValidationTest.java:32)
at java.base/java.util.ArrayList.forEach(ArrayList.java:1596)
at java.base/java.util.concurrent.FutureTask.run(FutureTask.java:317)
at java.base/java.util.concurrent.ThreadPoolExecutor.runWorker(ThreadPoolExecutor.java:1144)
at java.base/java.util.concurrent.ThreadPoolExecutor$Worker.run(ThreadPoolExecutor.java:642)
at java.base/java.lang.Thread.run(Thread.java:1583)
... Removed 20 stack frames]]>
    </failure>
  </testcase> <!-- errorValidation -->
  <testcase classname="sourishBakshiFrameworkAuto.tests.ErrorMessageValidationTest" name="verifyMismatchedProduct" time="7.895"/>
</testsuite> <!-- ErrorValidation -->
